<?xml version="1.0" encoding="UTF-8"?>
<!-- Generated by org.testng.reporters.JUnitReportReporter -->
<testsuite hostname="LAPTOP-SEJ2E58A" failures="0" tests="1" name="TC1_GET_Trello" time="1.630" errors="0" timestamp="2022-07-04T09:26:12 EDT" skipped="0">
  <testcase classname="TC1_GET_Trello" name="getBoard" time="1.630"/>
  <system-out/>
</testsuite> <!-- TC1_GET_Trello -->
