<?xml version="1.0" encoding="UTF-8"?>
<!-- Generated by org.testng.reporters.JUnitReportReporter -->
<testsuite hostname="LAPTOP-SEJ2E58A" failures="0" tests="1" name="gitTest.TC1_POST_NewRepo" time="2.985" errors="0" timestamp="2022-08-07T10:09:55 EDT" skipped="0">
  <testcase classname="gitTest.TC1_POST_NewRepo" name="newRepo" time="2.985"/>
  <system-out/>
</testsuite> <!-- gitTest.TC1_POST_NewRepo -->
