<?xml version="1.0" encoding="UTF-8"?>
<!-- Generated by org.testng.reporters.JUnitReportReporter -->
<testsuite hostname="LAPTOP-SEJ2E58A" failures="0" tests="1" name="gitTest.TC2_GET_VerifyRepo" time="1.632" errors="0" timestamp="2022-08-07T10:11:22 EDT" skipped="0">
  <testcase classname="gitTest.TC2_GET_VerifyRepo" name="verifyRepo" time="1.632"/>
  <system-out/>
</testsuite> <!-- gitTest.TC2_GET_VerifyRepo -->
