<?xml version="1.0" encoding="UTF-8"?>
<!-- Generated by org.testng.reporters.JUnitReportReporter -->
<testsuite hostname="LAPTOP-SEJ2E58A" failures="0" tests="1" name="trelloTests.TC1_POST_TrelloBoard" time="2.570" errors="0" timestamp="2022-08-07T10:15:02 EDT" skipped="0">
  <testcase classname="trelloTests.TC1_POST_TrelloBoard" name="postBoard" time="2.570"/>
  <system-out/>
</testsuite> <!-- trelloTests.TC1_POST_TrelloBoard -->
