<?xml version="1.0" encoding="UTF-8"?>
<!-- Generated by org.testng.reporters.JUnitReportReporter -->
<testsuite hostname="LAPTOP-SEJ2E58A" failures="0" tests="1" name="trelloTests.TC2_GET_TrelloBoard" time="1.796" errors="0" timestamp="2022-08-07T10:15:43 EDT" skipped="0">
  <testcase classname="trelloTests.TC2_GET_TrelloBoard" name="getBoard" time="1.796"/>
  <system-out/>
</testsuite> <!-- trelloTests.TC2_GET_TrelloBoard -->
