<?xml version="1.0" encoding="UTF-8"?>
<!-- Generated by org.testng.reporters.JUnitReportReporter -->
<testsuite hostname="LAPTOP-SEJ2E58A" failures="0" tests="1" name="trelloTests.TC4_DEL_TrolloBoard" time="2.201" errors="0" timestamp="2022-08-07T10:17:14 EDT" skipped="0">
  <testcase classname="trelloTests.TC4_DEL_TrolloBoard" name="delBoard" time="2.201"/>
  <system-out/>
</testsuite> <!-- trelloTests.TC4_DEL_TrolloBoard -->
