<?xml version="1.0" encoding="UTF-8"?>
<!-- Generated by org.testng.reporters.JUnitReportReporter -->
<testsuite hostname="LAPTOP-SEJ2E58A" failures="0" tests="1" name="trelloTests.TC3_POST_TrelloList" time="1.707" errors="0" timestamp="2022-08-07T10:16:31 EDT" skipped="0">
  <testcase classname="trelloTests.TC3_POST_TrelloList" name="postList" time="1.707"/>
  <system-out/>
</testsuite> <!-- trelloTests.TC3_POST_TrelloList -->
