<?xml version="1.0" encoding="UTF-8"?>
<!-- Generated by org.testng.reporters.JUnitReportReporter -->
<testsuite hostname="LAPTOP-SEJ2E58A" failures="0" tests="1" name="gitTest.TC3_DEL_delRepo" time="1.790" errors="0" timestamp="2022-08-07T10:09:40 EDT" skipped="0">
  <testcase classname="gitTest.TC3_DEL_delRepo" name="deleteRepo" time="1.790"/>
  <system-out/>
</testsuite> <!-- gitTest.TC3_DEL_delRepo -->
