<?xml version="1.0" encoding="UTF-8"?>
<!-- Generated by org.testng.reporters.JUnitReportReporter -->
<testsuite hostname="LAPTOP-SEJ2E58A" failures="0" tests="1" name="TC1_POST_Trello" time="1.800" errors="0" timestamp="2022-07-04T10:21:48 EDT" skipped="0">
  <testcase classname="TC1_POST_Trello" name="postBoard" time="1.800"/>
  <system-out/>
</testsuite> <!-- TC1_POST_Trello -->
